<?xml version="1.0" encoding="UTF-8"?>
<!-- Generated by org.testng.reporters.JUnitReportReporter -->
<testsuite skipped="0" hostname="DESKTOP-SM42BTB" name="demo.Jenkins" tests="1" failures="0" timestamp="01 Oct 2019 11:08:04 GMT" time="11.184" errors="0">
  <testcase name="testJenkins" time="11.184" classname="demo.Jenkins"/>
</testsuite> <!-- demo.Jenkins -->
